
ROM used:   882/65536 (1%)
            882/65536 (1%) including unused fragments

            1.0 Average locations per line
            51.9 Average locations per statement

RAM used:   5/3968 (0%) at main() level
            21/3968 (1%) worst case

Stack used: 2 worst case (2 in main + 0 for interrupts)
Stack size: 31

Lines Stmts  %   Files
----- ----- ---  -----
   34    17 100  DeclarandoprobandoSalida.c
  834     0   0  ..\..\..\..\..\..\..\Program Files (x86)\PICC\Devices\18F4620.h
----- -----
  868    17 Total

Page ROM  %  RAM   Vol Diff  Functions:
---- --- --- ---   --- ----  ----------
0     66   4    1             @PUTCHAR_1_
0     70   4    1             @GETCH_1_
0    220  12    1   530  3.3  main
0     16   1    0             @const652
0     32   2    2             @PSTRINGC_638
0     26   1    0             @const654
0     30   2    0             @const655
0     30   2    0             @const656
0     76   4    0             @const657
0     56   3    0             @const658
0     30   2    3             @PSTRINGCN_638
0     40   2    3             @DIV88
0    170  10    6             @PRINTF_D_638
0     16   1    0             @const667
 Inline         0   391  2.8  @cinit1

Program metrics:
    Functions               2
    Statements              17
    Comments                151
    Volume (V)              1115
    Difficulty (D)          5.2
    Effort to implement (E) 5796
    Time to implement (T)   5 minutes
    Est Delivered Bugs (B)  0
    Cyclomatic Complexity   1
    Maintainability (MI)    142

 Segment     Used  Free
-----------  ----  ----
00000-00002     4  0  
00004-0FFFE   878  64654  



