
ROM used:   4276/65536 (7%)
            4276/65536 (7%) including unused fragments

            1.6 Average locations per line
            8.1 Average locations per statement

RAM used:   41/3968 (1%) at main() level
            98/3968 (2%) worst case

Stack used: 5 worst case (2 in main + 3 for interrupts)
Stack size: 31

Lines Stmts  %   Files
----- ----- ---  -----
   81    46   9  programaPrincipal.c
  834     0   0  ..\..\..\..\..\..\..\Program Files (x86)\PICC\Devices\18F4620.h
 1351   359  68  ..\..\..\..\..\..\..\Program Files (x86)\PICC\Drivers\stdlib.h
   32     0   0  ..\..\..\..\..\..\..\Program Files (x86)\PICC\Drivers\stddef.h
  423   125  24  ..\..\..\..\..\..\..\Program Files (x86)\PICC\Drivers\string.h
   28     0   0  ..\..\..\..\..\..\..\Program Files (x86)\PICC\Drivers\ctype.h
----- -----
 2749   530 Total

Page ROM  %  RAM   Vol Diff  Functions:
---- --- --- ---   --- ----  ----------
0    242   3   11             @MULFF
0     54   1    2             @ITOF
0    618   7   16             @ADDFF
0    346   4   14             @DIVFF
0    562   7   19  1542 12.4  strtof
0     66   1    1             @PUTCHAR_1_
0     70   1    1             @GETCH_1_
0    212   2    5   489  6.9  rda_isr
0     12   0    0  1183  7.2  @const922
0     32   0    2             @PSTRINGC_911
0     16   0    0  1183  7.2  @const924
0    880  10    0  1183  7.2  MAIN
0     16   0    0  1183  7.2  @const933
0     26   0    0  1217  7.2  @const934
0     30   0    0             @const935
0     64   1    5             @FTOSD
0    142   2   13             @DIV3232
0    434   5   13             @PRINTF_L32D_911FPFPF
0     30   0    0             @const945
0     76   1    0             @const947
0    118   1   10   520  6.9  @FLT
0     38   0    0     3  0.0  @const951
0     46   1    3     5  1.0  @PSTRINGCN_911
 Inline         0             @cinit1

Program metrics:
    Functions               10
    Statements              530
    Comments                958
    Volume (V)              12408
    Difficulty (D)          62.9
    Effort to implement (E) 780489
    Time to implement (T)   12 hours, 3 minutes
    Est Delivered Bugs (B)  3
    Cyclomatic Complexity   44
    Maintainability (MI)    95

 Segment     Used  Free
-----------  ----  ----
00000-00002     4  0  
00004-00006     0  4  
00008-00094   142  0  
00096-0FFFE  4130  61256  



