
ROM used:   430/65536 (1%)
            430/65536 (1%) including unused fragments

            0.5 Average locations per line
            11.0 Average locations per statement

RAM used:   6/3968 (0%) at main() level
            12/3968 (0%) worst case

Stack used: 2 worst case (2 in main + 0 for interrupts)
Stack size: 31

Lines Stmts  %   Files
----- ----- ---  -----
   47    39 100  Calculadora_8bits.c
  834     0   0  C:\Program Files (x86)\PICC\Devices\18F4620.h
----- -----
  881    39 Total

Page ROM  %  RAM   Vol Diff  Functions:
---- --- --- ---   --- ----  ----------
0     38   4    1             @delay_ms1
0    272  32    2  1119  6.8  main
0     42   5    3   250  3.2  @DIV88
0     74   9    1   149  1.3  error
 Inline         0   250  3.2  @cinit1

Program metrics:
    Functions               4
    Statements              39
    Comments                156
    Volume (V)              2285
    Difficulty (D)          14.5
    Effort to implement (E) 33235
    Time to implement (T)   31 minutes
    Est Delivered Bugs (B)  0
    Cyclomatic Complexity   11
    Maintainability (MI)    88

 Segment     Used  Free
-----------  ----  ----
00000-00002     4  0  
00004-0FFFE   426  65106  



