
ROM used:   528/65536 (1%)
            528/65536 (1%) including unused fragments

            0.6 Average locations per line
            12.3 Average locations per statement

RAM used:   8/3968 (0%) at main() level
            17/3968 (0%) worst case

Stack used: 1 worst case (1 in main + 0 for interrupts)
Stack size: 31

Lines Stmts  %   Files
----- ----- ---  -----
   65    43 100  Calculadora_mejora_error.c
  834     0   0  ..\..\..\..\..\..\..\Program Files (x86)\PICC\Devices\18F4620.h
----- -----
  899    43 Total

Page ROM  %  RAM   Vol Diff  Functions:
---- --- --- ---   --- ----  ----------
0     42   4    1             @delay_ms1
0    382  36    4  1202  7.1  main
0     32   3    5             @MUL1616
0     68   6    5             @DIV1616
 Inline         3   230  5.0  error
 Inline         0             @cinit1

Program metrics:
    Functions               2
    Statements              43
    Comments                160
    Volume (V)              1615
    Difficulty (D)          12.1
    Effort to implement (E) 19576
    Time to implement (T)   18 minutes
    Est Delivered Bugs (B)  0
    Cyclomatic Complexity   11
    Maintainability (MI)    133

 Segment     Used  Free
-----------  ----  ----
00000-00002     4  0  
00004-0FFFE   524  65008  



