
ROM used:   350/65536 (1%)
            350/65536 (1%) including unused fragments

            0.4 Average locations per line
            10.0 Average locations per statement

RAM used:   28/3968 (1%) at main() level
            31/3968 (1%) worst case

Stack used: 2 worst case (1 in main + 1 for interrupts)
Stack size: 31

Lines Stmts  %   Files
----- ----- ---  -----
   64    35 100  ProgramaPrincipal.c
  834     0   0  ..\..\..\..\..\..\..\Program Files (x86)\PICC\Devices\18F4620.h
----- -----
  898    35 Total

Page ROM  %  RAM   Vol Diff  Functions:
---- --- --- ---   --- ----  ----------
0      8   1    0    17  1.3  TIMER0_funcion
0    156  22    5   907  5.2  MAIN
0     40   6    3             @DIV88
 Inline         0             @cinit1

Program metrics:
    Functions               2
    Statements              35
    Comments                175
    Volume (V)              969
    Difficulty (D)          6.9
    Effort to implement (E) 6685
    Time to implement (T)   6 minutes
    Est Delivered Bugs (B)  0
    Cyclomatic Complexity   8
    Maintainability (MI)    138

 Segment     Used  Free
-----------  ----  ----
00000-00002     4  0  
00004-00006     0  4  
00008-00094   142  0  
00096-0FFFE   204  65182  



